Using pre-set license

 COMMAND LINE ARGUMENTS:
/Applications/Unity/Hub/Editor/2020.3.5f1/Unity.app/Contents/MacOS/Unity
-adb2
-batchMode
-noUpm
-name
AssetImportWorker1
-projectPath
/Users/nakamurawataru/Desktop/UnityGames/UnityTest
-logFile
Logs/AssetImportWorker1.log
-srvPort
61086
Successfully changed project path to: /Users/nakamurawataru/Desktop/UnityGames/UnityTest
/Users/nakamurawataru/Desktop/UnityGames/UnityTest
Using Asset Import Pipeline V2.
Refreshing native plugins compatible for Editor in 31.25 ms, found 2 plugins.
Preloading 0 native plugins for Editor in 0.00 ms.
Initialize engine version: 2020.3.5f1 (8095aa901b9b)
[Subsystems] Discovering subsystems at path /Applications/Unity/Hub/Editor/2020.3.5f1/Unity.app/Contents/Resources/UnitySubsystems
[Subsystems] Discovering subsystems at path /Users/nakamurawataru/Desktop/UnityGames/UnityTest/Assets
GfxDevice: creating device client; threaded=0
2021-06-19 23:40:57.845 Unity[94296:7043214] (null) preferred device: Apple M1 (high power)
2021-06-19 23:40:57.845 Unity[94296:7043214] Metal devices available: 1
2021-06-19 23:40:57.845 Unity[94296:7043214] 0: Apple M1 (high power)
2021-06-19 23:40:57.845 Unity[94296:7043214] Using device Apple M1 (high power)
Initializing Metal device caps: Apple M1
Initialize mono
Mono path[0] = '/Applications/Unity/Hub/Editor/2020.3.5f1/Unity.app/Contents/Managed'
Mono path[1] = '/Applications/Unity/Hub/Editor/2020.3.5f1/Unity.app/Contents/MonoBleedingEdge/lib/mono/unityjit'
Mono config path = '/Applications/Unity/Hub/Editor/2020.3.5f1/Unity.app/Contents/MonoBleedingEdge/etc'
Using monoOptions --debugger-agent=transport=dt_socket,embedding=1,server=y,suspend=n,address=127.0.0.1:56296
Begin MonoManager ReloadAssembly
Registering precompiled unity dll's ...
Register platform support module: /Applications/Unity/Hub/Editor/2020.3.5f1/PlaybackEngines/WebGLSupport/UnityEditor.WebGL.Extensions.dll
Register platform support module: /Applications/Unity/Hub/Editor/2020.3.5f1/Unity.app/Contents/PlaybackEngines/MacStandaloneSupport/UnityEditor.OSXStandalone.Extensions.dll
Registered in 0.002639 seconds.
Native extension for OSXStandalone target not found
Native extension for WebGL target not found
Refreshing native plugins compatible for Editor in 32.79 ms, found 2 plugins.
Preloading 0 native plugins for Editor in 0.00 ms.
Mono: successfully reloaded assembly
- Completed reload, in  2.814 seconds
Platform modules already initialized, skipping
Registering precompiled user dll's ...
Registered in 0.000683 seconds.
Begin MonoManager ReloadAssembly
Native extension for OSXStandalone target not found
Native extension for WebGL target not found
Refreshing native plugins compatible for Editor in 32.16 ms, found 2 plugins.
Preloading 0 native plugins for Editor in 0.00 ms.
Mono: successfully reloaded assembly
- Completed reload, in  1.879 seconds
Platform modules already initialized, skipping
========================================================================
Worker process is ready to serve import requests
Launching external process: /Applications/Unity/Hub/Editor/2020.3.5f1/Unity.app/Contents/Tools/UnityShaderCompiler
Launched and connected shader compiler UnityShaderCompiler after 0.03 seconds
Refreshing native plugins compatible for Editor in 0.30 ms, found 2 plugins.
Preloading 0 native plugins for Editor in 0.00 ms.
Unloading 1812 Unused Serialized files (Serialized files now loaded: 0)
System memory in use before: 146.7 MB.
System memory in use after: 146.7 MB.

Unloading 24 unused Assets to reduce memory usage. Loaded Objects now: 2255.
Total: 1.643417 ms (FindLiveObjects: 0.188209 ms CreateObjectMapping: 0.036583 ms MarkObjects: 1.294250 ms  DeleteObjects: 0.123625 ms)

========================================================================
Received Import Request.
  path: Assets/Prefab/Lmino 1.prefab
  artifactKey: Guid(20375bfb68468413c96f3481f01eec3c) Importer(815301076,1909f56bfc062723c751e8b465ee728b)
Start importing Assets/Prefab/Lmino 1.prefab using Guid(20375bfb68468413c96f3481f01eec3c) Importer(815301076,1909f56bfc062723c751e8b465ee728b)  -> (artifact id: 'a3893f495b31c81e9d7cc4fc036f0e06') in 0.884687 seconds
  Import took 0.887791 seconds .

========================================================================
Received Import Request.
  Time since last request: 0.000232 seconds.
  path: Assets/Prefab/Imino 1.prefab
  artifactKey: Guid(b20dd8397c2fe46d78102b77550dd0cf) Importer(815301076,1909f56bfc062723c751e8b465ee728b)
Start importing Assets/Prefab/Imino 1.prefab using Guid(b20dd8397c2fe46d78102b77550dd0cf) Importer(815301076,1909f56bfc062723c751e8b465ee728b)  -> (artifact id: '707ae6a24d532ae78b113341cca8fc5d') in 0.012587 seconds
  Import took 0.014704 seconds .

========================================================================
Received Import Request.
  Time since last request: 0.000235 seconds.
  path: Assets/Prefab/Tmino 1.prefab
  artifactKey: Guid(dc77d496597d7448b9f65318b266068f) Importer(815301076,1909f56bfc062723c751e8b465ee728b)
Start importing Assets/Prefab/Tmino 1.prefab using Guid(dc77d496597d7448b9f65318b266068f) Importer(815301076,1909f56bfc062723c751e8b465ee728b)  -> (artifact id: 'c320b7373a1a89e45cd75db068d354d6') in 0.007840 seconds
  Import took 0.010580 seconds .

========================================================================
Received Import Request.
  Time since last request: 0.000303 seconds.
  path: Assets/Prefab/Smino 1.prefab
  artifactKey: Guid(eaabebee4e9a24b049f1e3238105b438) Importer(815301076,1909f56bfc062723c751e8b465ee728b)
Start importing Assets/Prefab/Smino 1.prefab using Guid(eaabebee4e9a24b049f1e3238105b438) Importer(815301076,1909f56bfc062723c751e8b465ee728b)  -> (artifact id: 'c314cc4d39094695aaa9cd5f9b02a0b1') in 0.011376 seconds
  Import took 0.013771 seconds .

========================================================================
Received Import Request.
  Time since last request: 0.000240 seconds.
  path: Assets/Prefab/Omino 1.prefab
  artifactKey: Guid(27256fb676f1d4465a69b7b971ef4812) Importer(815301076,1909f56bfc062723c751e8b465ee728b)
Start importing Assets/Prefab/Omino 1.prefab using Guid(27256fb676f1d4465a69b7b971ef4812) Importer(815301076,1909f56bfc062723c751e8b465ee728b)  -> (artifact id: '703e1356e10cb4fd56668ad3da422a95') in 0.006750 seconds
  Import took 0.008941 seconds .

========================================================================
Received Prepare
Registering precompiled user dll's ...
Registered in 0.001048 seconds.
Begin MonoManager ReloadAssembly
Native extension for OSXStandalone target not found
Native extension for WebGL target not found
Refreshing native plugins compatible for Editor in 0.29 ms, found 2 plugins.
Preloading 0 native plugins for Editor in 0.00 ms.
Mono: successfully reloaded assembly
- Completed reload, in  1.718 seconds
Platform modules already initialized, skipping
Switching build target platform(2) subTarget(0) extendedPlatform(0) -> platform(9) subTarget(16777218) extendedPlatform(0)
Refreshing native plugins compatible for Editor in 0.33 ms, found 2 plugins.
Preloading 0 native plugins for Editor in 0.00 ms.
Unloading 1810 Unused Serialized files (Serialized files now loaded: 0)
System memory in use before: 154.5 MB.
System memory in use after: 154.5 MB.

Unloading 12 unused Assets to reduce memory usage. Loaded Objects now: 2266.
Total: 1.674000 ms (FindLiveObjects: 0.156250 ms CreateObjectMapping: 0.037083 ms MarkObjects: 1.362750 ms  DeleteObjects: 0.116750 ms)

AssetImportParameters requested are different than current active one (requested -> active):
  custom:graphics/normal-map-encoding: 01000000000000000000000000000000 -> 02000000000000000000000000000000
========================================================================
Received Prepare
Registering precompiled user dll's ...
Registered in 0.000610 seconds.
Begin MonoManager ReloadAssembly
Native extension for OSXStandalone target not found
Native extension for WebGL target not found
Refreshing native plugins compatible for Editor in 0.30 ms, found 2 plugins.
Preloading 0 native plugins for Editor in 0.00 ms.
Mono: successfully reloaded assembly
- Completed reload, in  1.746 seconds
Platform modules already initialized, skipping
Switching build target platform(2) subTarget(0) extendedPlatform(0) -> platform(9) subTarget(16777218) extendedPlatform(0)
Refreshing native plugins compatible for Editor in 0.30 ms, found 2 plugins.
Preloading 0 native plugins for Editor in 0.00 ms.
Unloading 1810 Unused Serialized files (Serialized files now loaded: 0)
System memory in use before: 154.7 MB.
System memory in use after: 154.7 MB.

Unloading 12 unused Assets to reduce memory usage. Loaded Objects now: 2270.
Total: 1.535875 ms (FindLiveObjects: 0.161500 ms CreateObjectMapping: 0.034500 ms MarkObjects: 1.244000 ms  DeleteObjects: 0.095042 ms)

AssetImportParameters requested are different than current active one (requested -> active):
  custom:graphics/normal-map-encoding: 01000000000000000000000000000000 -> 02000000000000000000000000000000
========================================================================
Received Prepare
Registering precompiled user dll's ...
Registered in 0.000415 seconds.
Begin MonoManager ReloadAssembly
Native extension for OSXStandalone target not found
Native extension for WebGL target not found
Refreshing native plugins compatible for Editor in 0.31 ms, found 2 plugins.
Preloading 0 native plugins for Editor in 0.00 ms.
Mono: successfully reloaded assembly
- Completed reload, in  1.727 seconds
Platform modules already initialized, skipping
Switching build target platform(2) subTarget(0) extendedPlatform(0) -> platform(9) subTarget(16777218) extendedPlatform(0)
Refreshing native plugins compatible for Editor in 0.25 ms, found 2 plugins.
Preloading 0 native plugins for Editor in 0.00 ms.
Unloading 1810 Unused Serialized files (Serialized files now loaded: 0)
System memory in use before: 154.9 MB.
System memory in use after: 154.9 MB.

Unloading 12 unused Assets to reduce memory usage. Loaded Objects now: 2274.
Total: 1.415458 ms (FindLiveObjects: 0.115584 ms CreateObjectMapping: 0.035041 ms MarkObjects: 1.165709 ms  DeleteObjects: 0.098500 ms)

AssetImportParameters requested are different than current active one (requested -> active):
  custom:graphics/normal-map-encoding: 01000000000000000000000000000000 -> 02000000000000000000000000000000
========================================================================
Received Prepare
Registering precompiled user dll's ...
Registered in 0.000688 seconds.
Begin MonoManager ReloadAssembly
Native extension for OSXStandalone target not found
Native extension for WebGL target not found
Refreshing native plugins compatible for Editor in 0.30 ms, found 2 plugins.
Preloading 0 native plugins for Editor in 0.00 ms.
Mono: successfully reloaded assembly
- Completed reload, in  1.920 seconds
Platform modules already initialized, skipping
Switching build target platform(2) subTarget(0) extendedPlatform(0) -> platform(9) subTarget(16777218) extendedPlatform(0)
Refreshing native plugins compatible for Editor in 0.27 ms, found 2 plugins.
Preloading 0 native plugins for Editor in 0.00 ms.
Unloading 1810 Unused Serialized files (Serialized files now loaded: 0)
System memory in use before: 155.2 MB.
System memory in use after: 155.2 MB.

Unloading 12 unused Assets to reduce memory usage. Loaded Objects now: 2278.
Total: 1.431917 ms (FindLiveObjects: 0.150834 ms CreateObjectMapping: 0.036041 ms MarkObjects: 1.143208 ms  DeleteObjects: 0.101042 ms)

AssetImportParameters requested are different than current active one (requested -> active):
  custom:graphics/normal-map-encoding: 01000000000000000000000000000000 -> 02000000000000000000000000000000
========================================================================
Received Prepare
Registering precompiled user dll's ...
Registered in 0.000899 seconds.
Begin MonoManager ReloadAssembly
Native extension for OSXStandalone target not found
Native extension for WebGL target not found
Refreshing native plugins compatible for Editor in 0.29 ms, found 2 plugins.
Preloading 0 native plugins for Editor in 0.00 ms.
Mono: successfully reloaded assembly
- Completed reload, in  1.787 seconds
Platform modules already initialized, skipping
Switching build target platform(2) subTarget(0) extendedPlatform(0) -> platform(9) subTarget(16777218) extendedPlatform(0)
Refreshing native plugins compatible for Editor in 0.22 ms, found 2 plugins.
Preloading 0 native plugins for Editor in 0.00 ms.
Unloading 1810 Unused Serialized files (Serialized files now loaded: 0)
System memory in use before: 155.4 MB.
System memory in use after: 155.4 MB.

Unloading 12 unused Assets to reduce memory usage. Loaded Objects now: 2282.
Total: 1.360084 ms (FindLiveObjects: 0.124459 ms CreateObjectMapping: 0.034875 ms MarkObjects: 1.113208 ms  DeleteObjects: 0.086625 ms)

AssetImportParameters requested are different than current active one (requested -> active):
  custom:graphics/normal-map-encoding: 01000000000000000000000000000000 -> 02000000000000000000000000000000
========================================================================
Received Prepare
Registering precompiled user dll's ...
Registered in 0.000501 seconds.
Begin MonoManager ReloadAssembly
Native extension for OSXStandalone target not found
Native extension for WebGL target not found
Refreshing native plugins compatible for Editor in 0.31 ms, found 2 plugins.
Preloading 0 native plugins for Editor in 0.00 ms.
Mono: successfully reloaded assembly
- Completed reload, in  1.909 seconds
Platform modules already initialized, skipping
Switching build target platform(2) subTarget(0) extendedPlatform(0) -> platform(9) subTarget(16777218) extendedPlatform(0)
Refreshing native plugins compatible for Editor in 0.25 ms, found 2 plugins.
Preloading 0 native plugins for Editor in 0.00 ms.
Unloading 1810 Unused Serialized files (Serialized files now loaded: 0)
System memory in use before: 155.6 MB.
System memory in use after: 155.6 MB.

Unloading 12 unused Assets to reduce memory usage. Loaded Objects now: 2286.
Total: 1.498167 ms (FindLiveObjects: 0.145958 ms CreateObjectMapping: 0.037667 ms MarkObjects: 1.214292 ms  DeleteObjects: 0.099458 ms)

AssetImportParameters requested are different than current active one (requested -> active):
  custom:graphics/normal-map-encoding: 01000000000000000000000000000000 -> 02000000000000000000000000000000
========================================================================
Received Prepare
Registering precompiled user dll's ...
Registered in 0.000340 seconds.
Begin MonoManager ReloadAssembly
Native extension for OSXStandalone target not found
Native extension for WebGL target not found
Refreshing native plugins compatible for Editor in 0.52 ms, found 2 plugins.
Preloading 0 native plugins for Editor in 0.00 ms.
Mono: successfully reloaded assembly
- Completed reload, in  1.851 seconds
Platform modules already initialized, skipping
Switching build target platform(2) subTarget(0) extendedPlatform(0) -> platform(9) subTarget(16777218) extendedPlatform(0)
Refreshing native plugins compatible for Editor in 0.21 ms, found 2 plugins.
Preloading 0 native plugins for Editor in 0.00 ms.
Unloading 1810 Unused Serialized files (Serialized files now loaded: 0)
System memory in use before: 155.8 MB.
System memory in use after: 155.8 MB.

Unloading 12 unused Assets to reduce memory usage. Loaded Objects now: 2290.
Total: 1.815083 ms (FindLiveObjects: 0.156958 ms CreateObjectMapping: 0.040167 ms MarkObjects: 1.523375 ms  DeleteObjects: 0.092708 ms)

AssetImportParameters requested are different than current active one (requested -> active):
  custom:graphics/normal-map-encoding: 01000000000000000000000000000000 -> 02000000000000000000000000000000
========================================================================
Received Prepare
Registering precompiled user dll's ...
Registered in 0.000683 seconds.
Begin MonoManager ReloadAssembly
Native extension for OSXStandalone target not found
Native extension for WebGL target not found
Refreshing native plugins compatible for Editor in 0.30 ms, found 2 plugins.
Preloading 0 native plugins for Editor in 0.00 ms.
Mono: successfully reloaded assembly
- Completed reload, in  1.921 seconds
Platform modules already initialized, skipping
Switching build target platform(2) subTarget(0) extendedPlatform(0) -> platform(9) subTarget(16777218) extendedPlatform(0)
Refreshing native plugins compatible for Editor in 0.23 ms, found 2 plugins.
Preloading 0 native plugins for Editor in 0.00 ms.
Unloading 1810 Unused Serialized files (Serialized files now loaded: 0)
System memory in use before: 156.0 MB.
System memory in use after: 156.0 MB.

Unloading 12 unused Assets to reduce memory usage. Loaded Objects now: 2294.
Total: 1.479750 ms (FindLiveObjects: 0.149166 ms CreateObjectMapping: 0.035542 ms MarkObjects: 1.200125 ms  DeleteObjects: 0.093750 ms)

AssetImportParameters requested are different than current active one (requested -> active):
  custom:graphics/normal-map-encoding: 01000000000000000000000000000000 -> 02000000000000000000000000000000
========================================================================
Received Prepare
Registering precompiled user dll's ...
Registered in 0.000315 seconds.
Begin MonoManager ReloadAssembly
Native extension for OSXStandalone target not found
Native extension for WebGL target not found
Refreshing native plugins compatible for Editor in 0.37 ms, found 2 plugins.
Preloading 0 native plugins for Editor in 0.00 ms.
Mono: successfully reloaded assembly
- Completed reload, in  1.825 seconds
Platform modules already initialized, skipping
Switching build target platform(2) subTarget(0) extendedPlatform(0) -> platform(9) subTarget(16777218) extendedPlatform(0)
Refreshing native plugins compatible for Editor in 0.21 ms, found 2 plugins.
Preloading 0 native plugins for Editor in 0.00 ms.
Unloading 1810 Unused Serialized files (Serialized files now loaded: 0)
System memory in use before: 156.2 MB.
System memory in use after: 156.2 MB.

Unloading 12 unused Assets to reduce memory usage. Loaded Objects now: 2298.
Total: 1.824833 ms (FindLiveObjects: 0.125042 ms CreateObjectMapping: 0.036750 ms MarkObjects: 1.134541 ms  DeleteObjects: 0.527500 ms)

AssetImportParameters requested are different than current active one (requested -> active):
  custom:graphics/normal-map-encoding: 01000000000000000000000000000000 -> 02000000000000000000000000000000
========================================================================
Received Prepare
Registering precompiled user dll's ...
Registered in 0.000394 seconds.
Begin MonoManager ReloadAssembly
Native extension for OSXStandalone target not found
Native extension for WebGL target not found
Refreshing native plugins compatible for Editor in 0.31 ms, found 2 plugins.
Preloading 0 native plugins for Editor in 0.00 ms.
Mono: successfully reloaded assembly
- Completed reload, in  1.757 seconds
Platform modules already initialized, skipping
Switching build target platform(2) subTarget(0) extendedPlatform(0) -> platform(9) subTarget(16777218) extendedPlatform(0)
Refreshing native plugins compatible for Editor in 0.21 ms, found 2 plugins.
Preloading 0 native plugins for Editor in 0.00 ms.
Unloading 1810 Unused Serialized files (Serialized files now loaded: 0)
System memory in use before: 156.4 MB.
System memory in use after: 156.4 MB.

Unloading 12 unused Assets to reduce memory usage. Loaded Objects now: 2302.
Total: 1.463000 ms (FindLiveObjects: 0.140334 ms CreateObjectMapping: 0.038459 ms MarkObjects: 1.188250 ms  DeleteObjects: 0.094917 ms)

AssetImportParameters requested are different than current active one (requested -> active):
  custom:graphics/normal-map-encoding: 01000000000000000000000000000000 -> 02000000000000000000000000000000
========================================================================
Received Prepare
Registering precompiled user dll's ...
Registered in 0.000429 seconds.
Begin MonoManager ReloadAssembly
Native extension for OSXStandalone target not found
Native extension for WebGL target not found
Refreshing native plugins compatible for Editor in 0.32 ms, found 2 plugins.
Preloading 0 native plugins for Editor in 0.00 ms.
Mono: successfully reloaded assembly
- Completed reload, in  1.781 seconds
Platform modules already initialized, skipping
Switching build target platform(2) subTarget(0) extendedPlatform(0) -> platform(9) subTarget(16777218) extendedPlatform(0)
Refreshing native plugins compatible for Editor in 0.24 ms, found 2 plugins.
Preloading 0 native plugins for Editor in 0.00 ms.
Unloading 1810 Unused Serialized files (Serialized files now loaded: 0)
System memory in use before: 156.6 MB.
System memory in use after: 156.6 MB.

Unloading 12 unused Assets to reduce memory usage. Loaded Objects now: 2306.
Total: 1.383958 ms (FindLiveObjects: 0.123458 ms CreateObjectMapping: 0.035042 ms MarkObjects: 1.131209 ms  DeleteObjects: 0.093291 ms)

AssetImportParameters requested are different than current active one (requested -> active):
  custom:graphics/normal-map-encoding: 01000000000000000000000000000000 -> 02000000000000000000000000000000
========================================================================
Received Prepare
Registering precompiled user dll's ...
Registered in 0.000443 seconds.
Begin MonoManager ReloadAssembly
Native extension for OSXStandalone target not found
Native extension for WebGL target not found
Refreshing native plugins compatible for Editor in 0.32 ms, found 2 plugins.
Preloading 0 native plugins for Editor in 0.00 ms.
Mono: successfully reloaded assembly
- Completed reload, in  1.730 seconds
Platform modules already initialized, skipping
Switching build target platform(2) subTarget(0) extendedPlatform(0) -> platform(9) subTarget(16777218) extendedPlatform(0)
Refreshing native plugins compatible for Editor in 0.29 ms, found 2 plugins.
Preloading 0 native plugins for Editor in 0.00 ms.
Unloading 1810 Unused Serialized files (Serialized files now loaded: 0)
System memory in use before: 156.8 MB.
System memory in use after: 156.8 MB.

Unloading 12 unused Assets to reduce memory usage. Loaded Objects now: 2310.
Total: 2.398542 ms (FindLiveObjects: 0.128042 ms CreateObjectMapping: 0.035792 ms MarkObjects: 1.825292 ms  DeleteObjects: 0.408375 ms)

AssetImportParameters requested are different than current active one (requested -> active):
  custom:graphics/normal-map-encoding: 01000000000000000000000000000000 -> 02000000000000000000000000000000
========================================================================
Received Prepare
Registering precompiled user dll's ...
Registered in 0.000425 seconds.
Begin MonoManager ReloadAssembly
Native extension for OSXStandalone target not found
Native extension for WebGL target not found
Refreshing native plugins compatible for Editor in 0.32 ms, found 2 plugins.
Preloading 0 native plugins for Editor in 0.00 ms.
Mono: successfully reloaded assembly
- Completed reload, in  1.801 seconds
Platform modules already initialized, skipping
Switching build target platform(2) subTarget(0) extendedPlatform(0) -> platform(9) subTarget(16777218) extendedPlatform(0)
Refreshing native plugins compatible for Editor in 0.22 ms, found 2 plugins.
Preloading 0 native plugins for Editor in 0.00 ms.
Unloading 1810 Unused Serialized files (Serialized files now loaded: 0)
System memory in use before: 157.0 MB.
System memory in use after: 157.0 MB.

Unloading 12 unused Assets to reduce memory usage. Loaded Objects now: 2314.
Total: 1.835083 ms (FindLiveObjects: 0.147916 ms CreateObjectMapping: 0.035083 ms MarkObjects: 1.141875 ms  DeleteObjects: 0.509000 ms)

AssetImportParameters requested are different than current active one (requested -> active):
  custom:graphics/normal-map-encoding: 01000000000000000000000000000000 -> 02000000000000000000000000000000
========================================================================
Received Prepare
Registering precompiled user dll's ...
Registered in 0.000672 seconds.
Begin MonoManager ReloadAssembly
Native extension for OSXStandalone target not found
Native extension for WebGL target not found
Refreshing native plugins compatible for Editor in 0.39 ms, found 2 plugins.
Preloading 0 native plugins for Editor in 0.00 ms.
Mono: successfully reloaded assembly
- Completed reload, in  1.846 seconds
Platform modules already initialized, skipping
Switching build target platform(2) subTarget(0) extendedPlatform(0) -> platform(9) subTarget(16777218) extendedPlatform(0)
Refreshing native plugins compatible for Editor in 0.28 ms, found 2 plugins.
Preloading 0 native plugins for Editor in 0.00 ms.
Unloading 1810 Unused Serialized files (Serialized files now loaded: 0)
System memory in use before: 157.2 MB.
System memory in use after: 157.2 MB.

Unloading 12 unused Assets to reduce memory usage. Loaded Objects now: 2318.
Total: 1.445166 ms (FindLiveObjects: 0.173000 ms CreateObjectMapping: 0.036459 ms MarkObjects: 1.135000 ms  DeleteObjects: 0.100084 ms)

AssetImportParameters requested are different than current active one (requested -> active):
  custom:graphics/normal-map-encoding: 01000000000000000000000000000000 -> 02000000000000000000000000000000
========================================================================
Received Prepare
Registering precompiled user dll's ...
Registered in 0.000898 seconds.
Begin MonoManager ReloadAssembly
Native extension for OSXStandalone target not found
Native extension for WebGL target not found
Refreshing native plugins compatible for Editor in 0.32 ms, found 2 plugins.
Preloading 0 native plugins for Editor in 0.00 ms.
Mono: successfully reloaded assembly
- Completed reload, in  1.711 seconds
Platform modules already initialized, skipping
Switching build target platform(2) subTarget(0) extendedPlatform(0) -> platform(9) subTarget(16777218) extendedPlatform(0)
Refreshing native plugins compatible for Editor in 0.20 ms, found 2 plugins.
Preloading 0 native plugins for Editor in 0.00 ms.
Unloading 1810 Unused Serialized files (Serialized files now loaded: 0)
System memory in use before: 157.4 MB.
System memory in use after: 157.4 MB.

Unloading 12 unused Assets to reduce memory usage. Loaded Objects now: 2322.
Total: 1.354375 ms (FindLiveObjects: 0.139625 ms CreateObjectMapping: 0.035541 ms MarkObjects: 1.084167 ms  DeleteObjects: 0.093917 ms)

AssetImportParameters requested are different than current active one (requested -> active):
  custom:graphics/normal-map-encoding: 01000000000000000000000000000000 -> 02000000000000000000000000000000
========================================================================
Received Prepare
Registering precompiled user dll's ...
Registered in 0.000446 seconds.
Begin MonoManager ReloadAssembly
Native extension for OSXStandalone target not found
Native extension for WebGL target not found
Refreshing native plugins compatible for Editor in 0.31 ms, found 2 plugins.
Preloading 0 native plugins for Editor in 0.00 ms.
Mono: successfully reloaded assembly
- Completed reload, in  1.869 seconds
Platform modules already initialized, skipping
Switching build target platform(2) subTarget(0) extendedPlatform(0) -> platform(9) subTarget(16777218) extendedPlatform(0)
Refreshing native plugins compatible for Editor in 0.27 ms, found 2 plugins.
Preloading 0 native plugins for Editor in 0.00 ms.
Unloading 1810 Unused Serialized files (Serialized files now loaded: 0)
System memory in use before: 157.7 MB.
System memory in use after: 157.6 MB.

Unloading 12 unused Assets to reduce memory usage. Loaded Objects now: 2326.
Total: 2.283333 ms (FindLiveObjects: 0.189208 ms CreateObjectMapping: 0.036417 ms MarkObjects: 1.580291 ms  DeleteObjects: 0.476833 ms)

AssetImportParameters requested are different than current active one (requested -> active):
  custom:graphics/normal-map-encoding: 01000000000000000000000000000000 -> 02000000000000000000000000000000
========================================================================
Received Prepare
Registering precompiled user dll's ...
Registered in 0.000395 seconds.
Begin MonoManager ReloadAssembly
Native extension for OSXStandalone target not found
Native extension for WebGL target not found
Refreshing native plugins compatible for Editor in 0.31 ms, found 2 plugins.
Preloading 0 native plugins for Editor in 0.00 ms.
Mono: successfully reloaded assembly
- Completed reload, in  1.808 seconds
Platform modules already initialized, skipping
Switching build target platform(2) subTarget(0) extendedPlatform(0) -> platform(9) subTarget(16777218) extendedPlatform(0)
Refreshing native plugins compatible for Editor in 0.22 ms, found 2 plugins.
Preloading 0 native plugins for Editor in 0.00 ms.
Unloading 1810 Unused Serialized files (Serialized files now loaded: 0)
System memory in use before: 157.9 MB.
System memory in use after: 157.8 MB.

Unloading 12 unused Assets to reduce memory usage. Loaded Objects now: 2330.
Total: 1.419791 ms (FindLiveObjects: 0.168958 ms CreateObjectMapping: 0.036375 ms MarkObjects: 1.125292 ms  DeleteObjects: 0.087834 ms)

AssetImportParameters requested are different than current active one (requested -> active):
  custom:graphics/normal-map-encoding: 01000000000000000000000000000000 -> 02000000000000000000000000000000
========================================================================
Received Prepare
Registering precompiled user dll's ...
Registered in 0.000378 seconds.
Begin MonoManager ReloadAssembly
Native extension for OSXStandalone target not found
Native extension for WebGL target not found
Refreshing native plugins compatible for Editor in 0.32 ms, found 2 plugins.
Preloading 0 native plugins for Editor in 0.00 ms.
Mono: successfully reloaded assembly
- Completed reload, in  1.771 seconds
Platform modules already initialized, skipping
Switching build target platform(2) subTarget(0) extendedPlatform(0) -> platform(9) subTarget(16777218) extendedPlatform(0)
Refreshing native plugins compatible for Editor in 0.29 ms, found 2 plugins.
Preloading 0 native plugins for Editor in 0.00 ms.
Unloading 1810 Unused Serialized files (Serialized files now loaded: 0)
System memory in use before: 158.0 MB.
System memory in use after: 158.0 MB.

Unloading 12 unused Assets to reduce memory usage. Loaded Objects now: 2334.
Total: 2.199500 ms (FindLiveObjects: 0.182333 ms CreateObjectMapping: 0.037708 ms MarkObjects: 1.548375 ms  DeleteObjects: 0.430250 ms)

AssetImportParameters requested are different than current active one (requested -> active):
  custom:graphics/normal-map-encoding: 01000000000000000000000000000000 -> 02000000000000000000000000000000
========================================================================
Received Prepare
Registering precompiled user dll's ...
Registered in 0.000426 seconds.
Begin MonoManager ReloadAssembly
Native extension for OSXStandalone target not found
Native extension for WebGL target not found
Refreshing native plugins compatible for Editor in 0.77 ms, found 2 plugins.
Preloading 0 native plugins for Editor in 0.00 ms.
Mono: successfully reloaded assembly
- Completed reload, in  1.828 seconds
Platform modules already initialized, skipping
Switching build target platform(2) subTarget(0) extendedPlatform(0) -> platform(9) subTarget(16777218) extendedPlatform(0)
Refreshing native plugins compatible for Editor in 0.25 ms, found 2 plugins.
Preloading 0 native plugins for Editor in 0.00 ms.
Unloading 1810 Unused Serialized files (Serialized files now loaded: 0)
System memory in use before: 158.2 MB.
System memory in use after: 158.2 MB.

Unloading 12 unused Assets to reduce memory usage. Loaded Objects now: 2338.
Total: 1.480875 ms (FindLiveObjects: 0.138000 ms CreateObjectMapping: 0.040333 ms MarkObjects: 1.205750 ms  DeleteObjects: 0.095916 ms)

AssetImportParameters requested are different than current active one (requested -> active):
  custom:graphics/normal-map-encoding: 01000000000000000000000000000000 -> 02000000000000000000000000000000
========================================================================
Received Prepare
Registering precompiled user dll's ...
Registered in 0.000933 seconds.
Begin MonoManager ReloadAssembly
Native extension for OSXStandalone target not found
Native extension for WebGL target not found
Refreshing native plugins compatible for Editor in 0.29 ms, found 2 plugins.
Preloading 0 native plugins for Editor in 0.00 ms.
Mono: successfully reloaded assembly
- Completed reload, in  1.771 seconds
Platform modules already initialized, skipping
Switching build target platform(2) subTarget(0) extendedPlatform(0) -> platform(9) subTarget(16777218) extendedPlatform(0)
Refreshing native plugins compatible for Editor in 0.21 ms, found 2 plugins.
Preloading 0 native plugins for Editor in 0.00 ms.
Unloading 1810 Unused Serialized files (Serialized files now loaded: 0)
System memory in use before: 158.4 MB.
System memory in use after: 158.4 MB.

Unloading 12 unused Assets to reduce memory usage. Loaded Objects now: 2342.
Total: 1.686584 ms (FindLiveObjects: 0.149125 ms CreateObjectMapping: 0.035791 ms MarkObjects: 1.407167 ms  DeleteObjects: 0.093667 ms)

AssetImportParameters requested are different than current active one (requested -> active):
  custom:graphics/normal-map-encoding: 01000000000000000000000000000000 -> 02000000000000000000000000000000
========================================================================
Received Prepare
Registering precompiled user dll's ...
Registered in 0.000495 seconds.
Begin MonoManager ReloadAssembly
Native extension for OSXStandalone target not found
Native extension for WebGL target not found
Refreshing native plugins compatible for Editor in 0.31 ms, found 2 plugins.
Preloading 0 native plugins for Editor in 0.00 ms.
Mono: successfully reloaded assembly
- Completed reload, in  1.870 seconds
Platform modules already initialized, skipping
Switching build target platform(2) subTarget(0) extendedPlatform(0) -> platform(9) subTarget(16777218) extendedPlatform(0)
Refreshing native plugins compatible for Editor in 0.30 ms, found 2 plugins.
Preloading 0 native plugins for Editor in 0.00 ms.
Unloading 1810 Unused Serialized files (Serialized files now loaded: 0)
System memory in use before: 158.7 MB.
System memory in use after: 158.6 MB.

Unloading 12 unused Assets to reduce memory usage. Loaded Objects now: 2346.
Total: 2.090666 ms (FindLiveObjects: 0.202667 ms CreateObjectMapping: 0.036500 ms MarkObjects: 1.463291 ms  DeleteObjects: 0.387459 ms)

AssetImportParameters requested are different than current active one (requested -> active):
  custom:graphics/normal-map-encoding: 01000000000000000000000000000000 -> 02000000000000000000000000000000
========================================================================
Received Prepare
Registering precompiled user dll's ...
Registered in 0.000387 seconds.
Begin MonoManager ReloadAssembly
Native extension for OSXStandalone target not found
Native extension for WebGL target not found
Refreshing native plugins compatible for Editor in 0.31 ms, found 2 plugins.
Preloading 0 native plugins for Editor in 0.00 ms.
Mono: successfully reloaded assembly
- Completed reload, in  1.834 seconds
Platform modules already initialized, skipping
Switching build target platform(2) subTarget(0) extendedPlatform(0) -> platform(9) subTarget(16777218) extendedPlatform(0)
Refreshing native plugins compatible for Editor in 0.27 ms, found 2 plugins.
Preloading 0 native plugins for Editor in 0.00 ms.
Unloading 1810 Unused Serialized files (Serialized files now loaded: 0)
System memory in use before: 158.8 MB.
System memory in use after: 158.8 MB.

Unloading 12 unused Assets to reduce memory usage. Loaded Objects now: 2350.
Total: 1.406041 ms (FindLiveObjects: 0.134125 ms CreateObjectMapping: 0.036416 ms MarkObjects: 1.145750 ms  DeleteObjects: 0.088500 ms)

AssetImportParameters requested are different than current active one (requested -> active):
  custom:graphics/normal-map-encoding: 01000000000000000000000000000000 -> 02000000000000000000000000000000
========================================================================
Received Prepare
Registering precompiled user dll's ...
Registered in 0.000941 seconds.
Begin MonoManager ReloadAssembly
Native extension for OSXStandalone target not found
Native extension for WebGL target not found
Refreshing native plugins compatible for Editor in 0.46 ms, found 2 plugins.
Preloading 0 native plugins for Editor in 0.00 ms.
Mono: successfully reloaded assembly
- Completed reload, in  1.829 seconds
Platform modules already initialized, skipping
Switching build target platform(2) subTarget(0) extendedPlatform(0) -> platform(9) subTarget(16777218) extendedPlatform(0)
Refreshing native plugins compatible for Editor in 0.22 ms, found 2 plugins.
Preloading 0 native plugins for Editor in 0.00 ms.
Unloading 1810 Unused Serialized files (Serialized files now loaded: 0)
System memory in use before: 159.0 MB.
System memory in use after: 159.0 MB.

Unloading 12 unused Assets to reduce memory usage. Loaded Objects now: 2354.
Total: 1.610375 ms (FindLiveObjects: 0.111334 ms CreateObjectMapping: 0.035583 ms MarkObjects: 1.087375 ms  DeleteObjects: 0.375417 ms)

AssetImportParameters requested are different than current active one (requested -> active):
  custom:graphics/normal-map-encoding: 01000000000000000000000000000000 -> 02000000000000000000000000000000
========================================================================
Received Prepare
Registering precompiled user dll's ...
Registered in 0.000498 seconds.
Begin MonoManager ReloadAssembly
Native extension for OSXStandalone target not found
Native extension for WebGL target not found
Refreshing native plugins compatible for Editor in 0.31 ms, found 2 plugins.
Preloading 0 native plugins for Editor in 0.00 ms.
Mono: successfully reloaded assembly
- Completed reload, in  1.987 seconds
Platform modules already initialized, skipping
Switching build target platform(2) subTarget(0) extendedPlatform(0) -> platform(9) subTarget(16777218) extendedPlatform(0)
Refreshing native plugins compatible for Editor in 0.27 ms, found 2 plugins.
Preloading 0 native plugins for Editor in 0.00 ms.
Unloading 1810 Unused Serialized files (Serialized files now loaded: 0)
System memory in use before: 159.6 MB.
System memory in use after: 159.6 MB.

Unloading 12 unused Assets to reduce memory usage. Loaded Objects now: 2358.
Total: 1.522416 ms (FindLiveObjects: 0.184542 ms CreateObjectMapping: 0.036583 ms MarkObjects: 1.193042 ms  DeleteObjects: 0.107458 ms)

AssetImportParameters requested are different than current active one (requested -> active):
  custom:graphics/normal-map-encoding: 01000000000000000000000000000000 -> 02000000000000000000000000000000
========================================================================
Received Prepare
Registering precompiled user dll's ...
Registered in 0.000690 seconds.
Begin MonoManager ReloadAssembly
Native extension for OSXStandalone target not found
Native extension for WebGL target not found
Refreshing native plugins compatible for Editor in 0.33 ms, found 2 plugins.
Preloading 0 native plugins for Editor in 0.00 ms.
Mono: successfully reloaded assembly
- Completed reload, in  1.910 seconds
Platform modules already initialized, skipping
Switching build target platform(2) subTarget(0) extendedPlatform(0) -> platform(9) subTarget(16777218) extendedPlatform(0)
Refreshing native plugins compatible for Editor in 0.29 ms, found 2 plugins.
Preloading 0 native plugins for Editor in 0.00 ms.
Unloading 1810 Unused Serialized files (Serialized files now loaded: 0)
System memory in use before: 159.8 MB.
System memory in use after: 159.8 MB.

Unloading 12 unused Assets to reduce memory usage. Loaded Objects now: 2362.
Total: 1.555208 ms (FindLiveObjects: 0.166709 ms CreateObjectMapping: 0.036916 ms MarkObjects: 1.230583 ms  DeleteObjects: 0.120167 ms)

AssetImportParameters requested are different than current active one (requested -> active):
  custom:graphics/normal-map-encoding: 01000000000000000000000000000000 -> 02000000000000000000000000000000
========================================================================
Received Prepare
Registering precompiled user dll's ...
Registered in 0.000809 seconds.
Begin MonoManager ReloadAssembly
Native extension for OSXStandalone target not found
Native extension for WebGL target not found
Refreshing native plugins compatible for Editor in 0.31 ms, found 2 plugins.
Preloading 0 native plugins for Editor in 0.00 ms.
Mono: successfully reloaded assembly
- Completed reload, in  1.829 seconds
Platform modules already initialized, skipping
Switching build target platform(2) subTarget(0) extendedPlatform(0) -> platform(9) subTarget(16777218) extendedPlatform(0)
Refreshing native plugins compatible for Editor in 0.23 ms, found 2 plugins.
Preloading 0 native plugins for Editor in 0.00 ms.
Unloading 1810 Unused Serialized files (Serialized files now loaded: 0)
System memory in use before: 160.0 MB.
System memory in use after: 160.0 MB.

Unloading 12 unused Assets to reduce memory usage. Loaded Objects now: 2366.
Total: 1.960500 ms (FindLiveObjects: 0.125292 ms CreateObjectMapping: 0.035916 ms MarkObjects: 1.128000 ms  DeleteObjects: 0.670625 ms)

AssetImportParameters requested are different than current active one (requested -> active):
  custom:graphics/normal-map-encoding: 01000000000000000000000000000000 -> 02000000000000000000000000000000
========================================================================
Received Prepare
Registering precompiled user dll's ...
Registered in 0.000439 seconds.
Begin MonoManager ReloadAssembly
Native extension for OSXStandalone target not found
Native extension for WebGL target not found
Refreshing native plugins compatible for Editor in 0.30 ms, found 2 plugins.
Preloading 0 native plugins for Editor in 0.00 ms.
Mono: successfully reloaded assembly
- Completed reload, in  1.901 seconds
Platform modules already initialized, skipping
Switching build target platform(2) subTarget(0) extendedPlatform(0) -> platform(9) subTarget(16777218) extendedPlatform(0)
Refreshing native plugins compatible for Editor in 0.24 ms, found 2 plugins.
Preloading 0 native plugins for Editor in 0.00 ms.
Unloading 1810 Unused Serialized files (Serialized files now loaded: 0)
System memory in use before: 160.2 MB.
System memory in use after: 160.2 MB.

Unloading 12 unused Assets to reduce memory usage. Loaded Objects now: 2370.
Total: 1.441709 ms (FindLiveObjects: 0.144000 ms CreateObjectMapping: 0.036500 ms MarkObjects: 1.171291 ms  DeleteObjects: 0.089084 ms)

AssetImportParameters requested are different than current active one (requested -> active):
  custom:graphics/normal-map-encoding: 01000000000000000000000000000000 -> 02000000000000000000000000000000
========================================================================
Received Prepare
Registering precompiled user dll's ...
Registered in 0.000883 seconds.
Begin MonoManager ReloadAssembly
Native extension for OSXStandalone target not found
Native extension for WebGL target not found
Refreshing native plugins compatible for Editor in 0.31 ms, found 2 plugins.
Preloading 0 native plugins for Editor in 0.00 ms.
Mono: successfully reloaded assembly
- Completed reload, in  1.736 seconds
Platform modules already initialized, skipping
Switching build target platform(2) subTarget(0) extendedPlatform(0) -> platform(9) subTarget(16777218) extendedPlatform(0)
Refreshing native plugins compatible for Editor in 0.24 ms, found 2 plugins.
Preloading 0 native plugins for Editor in 0.00 ms.
Unloading 1810 Unused Serialized files (Serialized files now loaded: 0)
System memory in use before: 160.4 MB.
System memory in use after: 160.4 MB.

Unloading 12 unused Assets to reduce memory usage. Loaded Objects now: 2374.
Total: 1.420750 ms (FindLiveObjects: 0.141167 ms CreateObjectMapping: 0.036042 ms MarkObjects: 1.153125 ms  DeleteObjects: 0.088292 ms)

AssetImportParameters requested are different than current active one (requested -> active):
  custom:graphics/normal-map-encoding: 01000000000000000000000000000000 -> 02000000000000000000000000000000
========================================================================
Received Prepare
Registering precompiled user dll's ...
Registered in 0.000596 seconds.
Begin MonoManager ReloadAssembly
Native extension for OSXStandalone target not found
Native extension for WebGL target not found
Refreshing native plugins compatible for Editor in 0.30 ms, found 2 plugins.
Preloading 0 native plugins for Editor in 0.00 ms.
Mono: successfully reloaded assembly
- Completed reload, in  1.862 seconds
Platform modules already initialized, skipping
Switching build target platform(2) subTarget(0) extendedPlatform(0) -> platform(9) subTarget(16777218) extendedPlatform(0)
Refreshing native plugins compatible for Editor in 0.26 ms, found 2 plugins.
Preloading 0 native plugins for Editor in 0.00 ms.
Unloading 1810 Unused Serialized files (Serialized files now loaded: 0)
System memory in use before: 160.6 MB.
System memory in use after: 160.6 MB.

Unloading 12 unused Assets to reduce memory usage. Loaded Objects now: 2378.
Total: 1.913125 ms (FindLiveObjects: 0.154542 ms CreateObjectMapping: 0.036167 ms MarkObjects: 1.130792 ms  DeleteObjects: 0.590333 ms)

AssetImportParameters requested are different than current active one (requested -> active):
  custom:graphics/normal-map-encoding: 01000000000000000000000000000000 -> 02000000000000000000000000000000
========================================================================
Received Prepare
Registering precompiled user dll's ...
Registered in 0.000967 seconds.
Begin MonoManager ReloadAssembly
Native extension for OSXStandalone target not found
Native extension for WebGL target not found
Refreshing native plugins compatible for Editor in 0.30 ms, found 2 plugins.
Preloading 0 native plugins for Editor in 0.00 ms.
Mono: successfully reloaded assembly
- Completed reload, in  1.770 seconds
Platform modules already initialized, skipping
Switching build target platform(2) subTarget(0) extendedPlatform(0) -> platform(9) subTarget(16777218) extendedPlatform(0)
Refreshing native plugins compatible for Editor in 0.30 ms, found 2 plugins.
Preloading 0 native plugins for Editor in 0.00 ms.
Unloading 1810 Unused Serialized files (Serialized files now loaded: 0)
System memory in use before: 160.8 MB.
System memory in use after: 160.8 MB.

Unloading 12 unused Assets to reduce memory usage. Loaded Objects now: 2382.
Total: 1.834625 ms (FindLiveObjects: 0.146791 ms CreateObjectMapping: 0.035542 ms MarkObjects: 1.552583 ms  DeleteObjects: 0.098833 ms)

AssetImportParameters requested are different than current active one (requested -> active):
  custom:graphics/normal-map-encoding: 01000000000000000000000000000000 -> 02000000000000000000000000000000
========================================================================
Received Prepare
Registering precompiled user dll's ...
Registered in 0.000490 seconds.
Begin MonoManager ReloadAssembly
Native extension for OSXStandalone target not found
Native extension for WebGL target not found
Refreshing native plugins compatible for Editor in 0.30 ms, found 2 plugins.
Preloading 0 native plugins for Editor in 0.00 ms.
Mono: successfully reloaded assembly
- Completed reload, in  1.768 seconds
Platform modules already initialized, skipping
Switching build target platform(2) subTarget(0) extendedPlatform(0) -> platform(9) subTarget(16777218) extendedPlatform(0)
Refreshing native plugins compatible for Editor in 0.30 ms, found 2 plugins.
Preloading 0 native plugins for Editor in 0.00 ms.
Unloading 1810 Unused Serialized files (Serialized files now loaded: 0)
System memory in use before: 161.0 MB.
System memory in use after: 161.0 MB.

Unloading 12 unused Assets to reduce memory usage. Loaded Objects now: 2386.
Total: 2.008417 ms (FindLiveObjects: 0.140042 ms CreateObjectMapping: 0.036292 ms MarkObjects: 1.364292 ms  DeleteObjects: 0.466875 ms)

AssetImportParameters requested are different than current active one (requested -> active):
  custom:graphics/normal-map-encoding: 01000000000000000000000000000000 -> 02000000000000000000000000000000
========================================================================
Received Prepare
Registering precompiled user dll's ...
Registered in 0.000377 seconds.
Begin MonoManager ReloadAssembly
Native extension for OSXStandalone target not found
Native extension for WebGL target not found
Refreshing native plugins compatible for Editor in 0.31 ms, found 2 plugins.
Preloading 0 native plugins for Editor in 0.00 ms.
Mono: successfully reloaded assembly
- Completed reload, in  1.746 seconds
Platform modules already initialized, skipping
Switching build target platform(2) subTarget(0) extendedPlatform(0) -> platform(9) subTarget(16777218) extendedPlatform(0)
Refreshing native plugins compatible for Editor in 0.22 ms, found 2 plugins.
Preloading 0 native plugins for Editor in 0.00 ms.
Unloading 1810 Unused Serialized files (Serialized files now loaded: 0)
System memory in use before: 161.2 MB.
System memory in use after: 161.2 MB.

Unloading 12 unused Assets to reduce memory usage. Loaded Objects now: 2390.
Total: 1.382458 ms (FindLiveObjects: 0.117916 ms CreateObjectMapping: 0.036667 ms MarkObjects: 1.143500 ms  DeleteObjects: 0.083583 ms)

AssetImportParameters requested are different than current active one (requested -> active):
  custom:graphics/normal-map-encoding: 01000000000000000000000000000000 -> 02000000000000000000000000000000
========================================================================
Received Prepare
Registering precompiled user dll's ...
Registered in 0.000412 seconds.
Begin MonoManager ReloadAssembly
Native extension for OSXStandalone target not found
Native extension for WebGL target not found
Refreshing native plugins compatible for Editor in 0.31 ms, found 2 plugins.
Preloading 0 native plugins for Editor in 0.00 ms.
Mono: successfully reloaded assembly
- Completed reload, in  1.765 seconds
Platform modules already initialized, skipping
Switching build target platform(2) subTarget(0) extendedPlatform(0) -> platform(9) subTarget(16777218) extendedPlatform(0)
Refreshing native plugins compatible for Editor in 0.22 ms, found 2 plugins.
Preloading 0 native plugins for Editor in 0.00 ms.
Unloading 1810 Unused Serialized files (Serialized files now loaded: 0)
System memory in use before: 161.4 MB.
System memory in use after: 161.4 MB.

Unloading 12 unused Assets to reduce memory usage. Loaded Objects now: 2394.
Total: 1.398500 ms (FindLiveObjects: 0.126667 ms CreateObjectMapping: 0.035541 ms MarkObjects: 1.138209 ms  DeleteObjects: 0.097083 ms)

AssetImportParameters requested are different than current active one (requested -> active):
  custom:graphics/normal-map-encoding: 01000000000000000000000000000000 -> 02000000000000000000000000000000
========================================================================
Received Prepare
Registering precompiled user dll's ...
Registered in 0.000797 seconds.
Begin MonoManager ReloadAssembly
Native extension for OSXStandalone target not found
Native extension for WebGL target not found
Refreshing native plugins compatible for Editor in 0.30 ms, found 2 plugins.
Preloading 0 native plugins for Editor in 0.00 ms.
Mono: successfully reloaded assembly
- Completed reload, in  1.789 seconds
Platform modules already initialized, skipping
Switching build target platform(2) subTarget(0) extendedPlatform(0) -> platform(9) subTarget(16777218) extendedPlatform(0)
Refreshing native plugins compatible for Editor in 0.28 ms, found 2 plugins.
Preloading 0 native plugins for Editor in 0.00 ms.
Unloading 1810 Unused Serialized files (Serialized files now loaded: 0)
System memory in use before: 161.6 MB.
System memory in use after: 161.6 MB.

Unloading 12 unused Assets to reduce memory usage. Loaded Objects now: 2398.
Total: 1.426583 ms (FindLiveObjects: 0.120875 ms CreateObjectMapping: 0.036750 ms MarkObjects: 1.164417 ms  DeleteObjects: 0.103458 ms)

AssetImportParameters requested are different than current active one (requested -> active):
  custom:graphics/normal-map-encoding: 01000000000000000000000000000000 -> 02000000000000000000000000000000
========================================================================
Received Prepare
Registering precompiled user dll's ...
Registered in 0.005738 seconds.
Begin MonoManager ReloadAssembly
Native extension for OSXStandalone target not found
Native extension for WebGL target not found
Refreshing native plugins compatible for Editor in 0.45 ms, found 2 plugins.
Preloading 0 native plugins for Editor in 0.00 ms.
Mono: successfully reloaded assembly
- Completed reload, in  1.749 seconds
Platform modules already initialized, skipping
Switching build target platform(2) subTarget(0) extendedPlatform(0) -> platform(9) subTarget(16777218) extendedPlatform(0)
Refreshing native plugins compatible for Editor in 0.29 ms, found 2 plugins.
Preloading 0 native plugins for Editor in 0.00 ms.
Unloading 1810 Unused Serialized files (Serialized files now loaded: 0)
System memory in use before: 161.8 MB.
System memory in use after: 161.8 MB.

Unloading 12 unused Assets to reduce memory usage. Loaded Objects now: 2402.
Total: 1.777000 ms (FindLiveObjects: 0.224542 ms CreateObjectMapping: 0.043125 ms MarkObjects: 1.402166 ms  DeleteObjects: 0.105875 ms)

AssetImportParameters requested are different than current active one (requested -> active):
  custom:graphics/normal-map-encoding: 01000000000000000000000000000000 -> 02000000000000000000000000000000
========================================================================
Received Prepare
Registering precompiled user dll's ...
Registered in 0.000683 seconds.
Begin MonoManager ReloadAssembly
Native extension for OSXStandalone target not found
Native extension for WebGL target not found
Refreshing native plugins compatible for Editor in 0.39 ms, found 2 plugins.
Preloading 0 native plugins for Editor in 0.00 ms.
Mono: successfully reloaded assembly
- Completed reload, in  1.822 seconds
Platform modules already initialized, skipping
Switching build target platform(2) subTarget(0) extendedPlatform(0) -> platform(9) subTarget(16777218) extendedPlatform(0)
Refreshing native plugins compatible for Editor in 0.25 ms, found 2 plugins.
Preloading 0 native plugins for Editor in 0.00 ms.
Unloading 1810 Unused Serialized files (Serialized files now loaded: 0)
System memory in use before: 162.0 MB.
System memory in use after: 162.0 MB.

Unloading 12 unused Assets to reduce memory usage. Loaded Objects now: 2406.
Total: 1.755041 ms (FindLiveObjects: 0.151750 ms CreateObjectMapping: 0.035375 ms MarkObjects: 1.181416 ms  DeleteObjects: 0.385708 ms)

AssetImportParameters requested are different than current active one (requested -> active):
  custom:graphics/normal-map-encoding: 01000000000000000000000000000000 -> 02000000000000000000000000000000
========================================================================
Received Prepare
Registering precompiled user dll's ...
Registered in 0.000464 seconds.
Begin MonoManager ReloadAssembly
Native extension for OSXStandalone target not found
Native extension for WebGL target not found
Refreshing native plugins compatible for Editor in 0.31 ms, found 2 plugins.
Preloading 0 native plugins for Editor in 0.00 ms.
Mono: successfully reloaded assembly
- Completed reload, in  1.840 seconds
Platform modules already initialized, skipping
Switching build target platform(2) subTarget(0) extendedPlatform(0) -> platform(9) subTarget(16777218) extendedPlatform(0)
Refreshing native plugins compatible for Editor in 0.30 ms, found 2 plugins.
Preloading 0 native plugins for Editor in 0.00 ms.
Unloading 1810 Unused Serialized files (Serialized files now loaded: 0)
System memory in use before: 162.2 MB.
System memory in use after: 162.2 MB.

Unloading 12 unused Assets to reduce memory usage. Loaded Objects now: 2410.
Total: 2.033583 ms (FindLiveObjects: 0.174333 ms CreateObjectMapping: 0.036875 ms MarkObjects: 1.717541 ms  DeleteObjects: 0.103708 ms)

AssetImportParameters requested are different than current active one (requested -> active):
  custom:graphics/normal-map-encoding: 01000000000000000000000000000000 -> 02000000000000000000000000000000
========================================================================
Received Prepare
Registering precompiled user dll's ...
Registered in 0.000392 seconds.
Begin MonoManager ReloadAssembly
Native extension for OSXStandalone target not found
Native extension for WebGL target not found
Refreshing native plugins compatible for Editor in 0.33 ms, found 2 plugins.
Preloading 0 native plugins for Editor in 0.00 ms.
Mono: successfully reloaded assembly
- Completed reload, in  1.803 seconds
Platform modules already initialized, skipping
Switching build target platform(2) subTarget(0) extendedPlatform(0) -> platform(9) subTarget(16777218) extendedPlatform(0)
Refreshing native plugins compatible for Editor in 0.27 ms, found 2 plugins.
Preloading 0 native plugins for Editor in 0.00 ms.
Unloading 1810 Unused Serialized files (Serialized files now loaded: 0)
System memory in use before: 162.4 MB.
System memory in use after: 162.4 MB.

Unloading 12 unused Assets to reduce memory usage. Loaded Objects now: 2414.
Total: 1.368583 ms (FindLiveObjects: 0.109083 ms CreateObjectMapping: 0.036500 ms MarkObjects: 1.134500 ms  DeleteObjects: 0.087833 ms)

AssetImportParameters requested are different than current active one (requested -> active):
  custom:graphics/normal-map-encoding: 01000000000000000000000000000000 -> 02000000000000000000000000000000
========================================================================
Received Prepare
Registering precompiled user dll's ...
Registered in 0.000370 seconds.
Begin MonoManager ReloadAssembly
Native extension for OSXStandalone target not found
Native extension for WebGL target not found
Refreshing native plugins compatible for Editor in 0.31 ms, found 2 plugins.
Preloading 0 native plugins for Editor in 0.00 ms.
Mono: successfully reloaded assembly
- Completed reload, in  1.788 seconds
Platform modules already initialized, skipping
Switching build target platform(2) subTarget(0) extendedPlatform(0) -> platform(9) subTarget(16777218) extendedPlatform(0)
Refreshing native plugins compatible for Editor in 0.29 ms, found 2 plugins.
Preloading 0 native plugins for Editor in 0.00 ms.
Unloading 1810 Unused Serialized files (Serialized files now loaded: 0)
System memory in use before: 162.6 MB.
System memory in use after: 162.6 MB.

Unloading 12 unused Assets to reduce memory usage. Loaded Objects now: 2418.
Total: 1.968125 ms (FindLiveObjects: 0.192708 ms CreateObjectMapping: 0.037542 ms MarkObjects: 1.275833 ms  DeleteObjects: 0.461250 ms)

AssetImportParameters requested are different than current active one (requested -> active):
  custom:graphics/normal-map-encoding: 01000000000000000000000000000000 -> 02000000000000000000000000000000
========================================================================
Received Prepare
Registering precompiled user dll's ...
Registered in 0.002334 seconds.
Begin MonoManager ReloadAssembly
Native extension for OSXStandalone target not found
Native extension for WebGL target not found
Refreshing native plugins compatible for Editor in 0.29 ms, found 2 plugins.
Preloading 0 native plugins for Editor in 0.00 ms.
Mono: successfully reloaded assembly
- Completed reload, in  1.898 seconds
Platform modules already initialized, skipping
Switching build target platform(2) subTarget(0) extendedPlatform(0) -> platform(9) subTarget(16777218) extendedPlatform(0)
Refreshing native plugins compatible for Editor in 0.29 ms, found 2 plugins.
Preloading 0 native plugins for Editor in 0.00 ms.
Unloading 1810 Unused Serialized files (Serialized files now loaded: 0)
System memory in use before: 162.8 MB.
System memory in use after: 162.8 MB.

Unloading 12 unused Assets to reduce memory usage. Loaded Objects now: 2422.
Total: 1.410292 ms (FindLiveObjects: 0.173792 ms CreateObjectMapping: 0.037000 ms MarkObjects: 1.106875 ms  DeleteObjects: 0.091917 ms)

AssetImportParameters requested are different than current active one (requested -> active):
  custom:graphics/normal-map-encoding: 01000000000000000000000000000000 -> 02000000000000000000000000000000
========================================================================
Received Prepare
Registering precompiled user dll's ...
Registered in 0.000406 seconds.
Begin MonoManager ReloadAssembly
Native extension for OSXStandalone target not found
Native extension for WebGL target not found
Refreshing native plugins compatible for Editor in 0.30 ms, found 2 plugins.
Preloading 0 native plugins for Editor in 0.00 ms.
Mono: successfully reloaded assembly
- Completed reload, in  1.850 seconds
Platform modules already initialized, skipping
Switching build target platform(2) subTarget(0) extendedPlatform(0) -> platform(9) subTarget(16777218) extendedPlatform(0)
Refreshing native plugins compatible for Editor in 0.28 ms, found 2 plugins.
Preloading 0 native plugins for Editor in 0.00 ms.
Unloading 1810 Unused Serialized files (Serialized files now loaded: 0)
System memory in use before: 163.0 MB.
System memory in use after: 163.0 MB.

Unloading 12 unused Assets to reduce memory usage. Loaded Objects now: 2426.
Total: 1.816083 ms (FindLiveObjects: 0.130708 ms CreateObjectMapping: 0.036542 ms MarkObjects: 1.152000 ms  DeleteObjects: 0.496083 ms)

AssetImportParameters requested are different than current active one (requested -> active):
  custom:graphics/normal-map-encoding: 01000000000000000000000000000000 -> 02000000000000000000000000000000
========================================================================
Received Prepare
Registering precompiled user dll's ...
Registered in 0.000459 seconds.
Begin MonoManager ReloadAssembly
Native extension for OSXStandalone target not found
Native extension for WebGL target not found
Refreshing native plugins compatible for Editor in 0.30 ms, found 2 plugins.
Preloading 0 native plugins for Editor in 0.00 ms.
Mono: successfully reloaded assembly
- Completed reload, in  1.948 seconds
Platform modules already initialized, skipping
Switching build target platform(2) subTarget(0) extendedPlatform(0) -> platform(9) subTarget(16777218) extendedPlatform(0)
Refreshing native plugins compatible for Editor in 0.21 ms, found 2 plugins.
Preloading 0 native plugins for Editor in 0.00 ms.
Unloading 1810 Unused Serialized files (Serialized files now loaded: 0)
System memory in use before: 163.2 MB.
System memory in use after: 163.2 MB.

Unloading 12 unused Assets to reduce memory usage. Loaded Objects now: 2430.
Total: 1.480208 ms (FindLiveObjects: 0.141583 ms CreateObjectMapping: 0.036458 ms MarkObjects: 1.197250 ms  DeleteObjects: 0.104166 ms)

AssetImportParameters requested are different than current active one (requested -> active):
  custom:graphics/normal-map-encoding: 01000000000000000000000000000000 -> 02000000000000000000000000000000
========================================================================
Received Prepare
Registering precompiled user dll's ...
Registered in 0.000380 seconds.
Begin MonoManager ReloadAssembly
Native extension for OSXStandalone target not found
Native extension for WebGL target not found
Refreshing native plugins compatible for Editor in 0.30 ms, found 2 plugins.
Preloading 0 native plugins for Editor in 0.00 ms.
Mono: successfully reloaded assembly
- Completed reload, in  1.850 seconds
Platform modules already initialized, skipping
Switching build target platform(2) subTarget(0) extendedPlatform(0) -> platform(9) subTarget(16777218) extendedPlatform(0)
Refreshing native plugins compatible for Editor in 0.31 ms, found 2 plugins.
Preloading 0 native plugins for Editor in 0.00 ms.
Unloading 1810 Unused Serialized files (Serialized files now loaded: 0)
System memory in use before: 163.4 MB.
System memory in use after: 163.4 MB.

Unloading 12 unused Assets to reduce memory usage. Loaded Objects now: 2434.
Total: 1.776334 ms (FindLiveObjects: 0.136125 ms CreateObjectMapping: 0.038500 ms MarkObjects: 1.165750 ms  DeleteObjects: 0.435250 ms)

AssetImportParameters requested are different than current active one (requested -> active):
  custom:graphics/normal-map-encoding: 01000000000000000000000000000000 -> 02000000000000000000000000000000
========================================================================
Received Prepare
Registering precompiled user dll's ...
Registered in 0.000496 seconds.
Begin MonoManager ReloadAssembly
Native extension for OSXStandalone target not found
Native extension for WebGL target not found
Refreshing native plugins compatible for Editor in 0.29 ms, found 2 plugins.
Preloading 0 native plugins for Editor in 0.00 ms.
Mono: successfully reloaded assembly
- Completed reload, in  1.976 seconds
Platform modules already initialized, skipping
Switching build target platform(2) subTarget(0) extendedPlatform(0) -> platform(9) subTarget(16777218) extendedPlatform(0)
Refreshing native plugins compatible for Editor in 0.22 ms, found 2 plugins.
Preloading 0 native plugins for Editor in 0.00 ms.
Unloading 1810 Unused Serialized files (Serialized files now loaded: 0)
System memory in use before: 163.6 MB.
System memory in use after: 163.6 MB.

Unloading 12 unused Assets to reduce memory usage. Loaded Objects now: 2438.
Total: 1.447542 ms (FindLiveObjects: 0.176250 ms CreateObjectMapping: 0.036333 ms MarkObjects: 1.130750 ms  DeleteObjects: 0.103291 ms)

AssetImportParameters requested are different than current active one (requested -> active):
  custom:graphics/normal-map-encoding: 01000000000000000000000000000000 -> 02000000000000000000000000000000
========================================================================
Received Prepare
Registering precompiled user dll's ...
Registered in 0.000617 seconds.
Begin MonoManager ReloadAssembly
Native extension for OSXStandalone target not found
Native extension for WebGL target not found
Refreshing native plugins compatible for Editor in 0.32 ms, found 2 plugins.
Preloading 0 native plugins for Editor in 0.00 ms.
Mono: successfully reloaded assembly
- Completed reload, in  1.827 seconds
Platform modules already initialized, skipping
Switching build target platform(2) subTarget(0) extendedPlatform(0) -> platform(9) subTarget(16777218) extendedPlatform(0)
Refreshing native plugins compatible for Editor in 0.30 ms, found 2 plugins.
Preloading 0 native plugins for Editor in 0.00 ms.
Unloading 1810 Unused Serialized files (Serialized files now loaded: 0)
System memory in use before: 163.8 MB.
System memory in use after: 163.8 MB.

Unloading 12 unused Assets to reduce memory usage. Loaded Objects now: 2442.
Total: 1.508875 ms (FindLiveObjects: 0.161916 ms CreateObjectMapping: 0.037584 ms MarkObjects: 1.206709 ms  DeleteObjects: 0.101875 ms)

AssetImportParameters requested are different than current active one (requested -> active):
  custom:graphics/normal-map-encoding: 01000000000000000000000000000000 -> 02000000000000000000000000000000
========================================================================
Received Prepare
Registering precompiled user dll's ...
Registered in 0.000437 seconds.
Begin MonoManager ReloadAssembly
Native extension for OSXStandalone target not found
Native extension for WebGL target not found
Refreshing native plugins compatible for Editor in 0.35 ms, found 2 plugins.
Preloading 0 native plugins for Editor in 0.00 ms.
Mono: successfully reloaded assembly
- Completed reload, in  1.859 seconds
Platform modules already initialized, skipping
Switching build target platform(2) subTarget(0) extendedPlatform(0) -> platform(9) subTarget(16777218) extendedPlatform(0)
Refreshing native plugins compatible for Editor in 0.27 ms, found 2 plugins.
Preloading 0 native plugins for Editor in 0.00 ms.
Unloading 1810 Unused Serialized files (Serialized files now loaded: 0)
System memory in use before: 164.0 MB.
System memory in use after: 164.0 MB.

Unloading 12 unused Assets to reduce memory usage. Loaded Objects now: 2446.
Total: 1.888209 ms (FindLiveObjects: 0.161666 ms CreateObjectMapping: 0.036583 ms MarkObjects: 1.182917 ms  DeleteObjects: 0.506334 ms)

AssetImportParameters requested are different than current active one (requested -> active):
  custom:graphics/normal-map-encoding: 01000000000000000000000000000000 -> 02000000000000000000000000000000
========================================================================
Received Prepare
Registering precompiled user dll's ...
Registered in 0.000801 seconds.
Begin MonoManager ReloadAssembly
Native extension for OSXStandalone target not found
Native extension for WebGL target not found
Refreshing native plugins compatible for Editor in 0.29 ms, found 2 plugins.
Preloading 0 native plugins for Editor in 0.00 ms.
Mono: successfully reloaded assembly
- Completed reload, in  1.752 seconds
Platform modules already initialized, skipping
Switching build target platform(2) subTarget(0) extendedPlatform(0) -> platform(9) subTarget(16777218) extendedPlatform(0)
Refreshing native plugins compatible for Editor in 0.22 ms, found 2 plugins.
Preloading 0 native plugins for Editor in 0.00 ms.
Unloading 1810 Unused Serialized files (Serialized files now loaded: 0)
System memory in use before: 164.2 MB.
System memory in use after: 164.2 MB.

Unloading 12 unused Assets to reduce memory usage. Loaded Objects now: 2450.
Total: 1.771625 ms (FindLiveObjects: 0.153375 ms CreateObjectMapping: 0.052583 ms MarkObjects: 1.146958 ms  DeleteObjects: 0.417709 ms)

AssetImportParameters requested are different than current active one (requested -> active):
  custom:graphics/normal-map-encoding: 01000000000000000000000000000000 -> 02000000000000000000000000000000
========================================================================
Received Prepare
Registering precompiled user dll's ...
Registered in 0.000387 seconds.
Begin MonoManager ReloadAssembly
Native extension for OSXStandalone target not found
Native extension for WebGL target not found
Refreshing native plugins compatible for Editor in 0.33 ms, found 2 plugins.
Preloading 0 native plugins for Editor in 0.00 ms.
Mono: successfully reloaded assembly
- Completed reload, in  1.815 seconds
Platform modules already initialized, skipping
Switching build target platform(2) subTarget(0) extendedPlatform(0) -> platform(9) subTarget(16777218) extendedPlatform(0)
Refreshing native plugins compatible for Editor in 0.27 ms, found 2 plugins.
Preloading 0 native plugins for Editor in 0.00 ms.
Unloading 1810 Unused Serialized files (Serialized files now loaded: 0)
System memory in use before: 164.4 MB.
System memory in use after: 164.4 MB.

Unloading 12 unused Assets to reduce memory usage. Loaded Objects now: 2454.
Total: 1.460750 ms (FindLiveObjects: 0.135833 ms CreateObjectMapping: 0.038542 ms MarkObjects: 1.183750 ms  DeleteObjects: 0.101750 ms)

AssetImportParameters requested are different than current active one (requested -> active):
  custom:graphics/normal-map-encoding: 01000000000000000000000000000000 -> 02000000000000000000000000000000
========================================================================
Received Prepare
Registering precompiled user dll's ...
Registered in 0.000957 seconds.
Begin MonoManager ReloadAssembly
Native extension for OSXStandalone target not found
Native extension for WebGL target not found
Refreshing native plugins compatible for Editor in 0.31 ms, found 2 plugins.
Preloading 0 native plugins for Editor in 0.00 ms.
Mono: successfully reloaded assembly
- Completed reload, in  1.914 seconds
Platform modules already initialized, skipping
Switching build target platform(2) subTarget(0) extendedPlatform(0) -> platform(13) subTarget(537395200) extendedPlatform(0)
Refreshing native plugins compatible for Editor in 0.32 ms, found 2 plugins.
Preloading 0 native plugins for Editor in 0.00 ms.
Unloading 1810 Unused Serialized files (Serialized files now loaded: 0)
System memory in use before: 164.5 MB.
System memory in use after: 164.5 MB.

Unloading 12 unused Assets to reduce memory usage. Loaded Objects now: 2458.
Total: 1.940250 ms (FindLiveObjects: 0.331334 ms CreateObjectMapping: 0.042125 ms MarkObjects: 1.444333 ms  DeleteObjects: 0.120917 ms)

AssetImportParameters requested are different than current active one (requested -> active):
  custom:graphics/normal-map-encoding: 01000000000000000000000000000000 -> 02000000000000000000000000000000
========================================================================
Received Prepare
Refreshing native plugins compatible for Editor in 0.86 ms, found 2 plugins.
Preloading 0 native plugins for Editor in 0.00 ms.
Unloading 10 Unused Serialized files (Serialized files now loaded: 0)
System memory in use before: 129.1 MB.
System memory in use after: 129.1 MB.

Unloading 10 unused Assets to reduce memory usage. Loaded Objects now: 2458.
Total: 2.132084 ms (FindLiveObjects: 0.204041 ms CreateObjectMapping: 0.041875 ms MarkObjects: 1.733125 ms  DeleteObjects: 0.152209 ms)

========================================================================
Received Prepare
Registering precompiled user dll's ...
Registered in 0.000430 seconds.
Begin MonoManager ReloadAssembly
Native extension for OSXStandalone target not found
Native extension for WebGL target not found
Refreshing native plugins compatible for Editor in 0.39 ms, found 2 plugins.
Preloading 0 native plugins for Editor in 0.00 ms.
Mono: successfully reloaded assembly
- Completed reload, in  2.195 seconds
Platform modules already initialized, skipping
Switching build target platform(2) subTarget(0) extendedPlatform(0) -> platform(13) subTarget(537395200) extendedPlatform(0)
Refreshing native plugins compatible for Editor in 0.33 ms, found 2 plugins.
Preloading 0 native plugins for Editor in 0.00 ms.
Unloading 1810 Unused Serialized files (Serialized files now loaded: 0)
System memory in use before: 164.8 MB.
System memory in use after: 164.7 MB.

Unloading 12 unused Assets to reduce memory usage. Loaded Objects now: 2462.
Total: 1.590041 ms (FindLiveObjects: 0.201125 ms CreateObjectMapping: 0.038584 ms MarkObjects: 1.243875 ms  DeleteObjects: 0.105250 ms)

AssetImportParameters requested are different than current active one (requested -> active):
  custom:graphics/normal-map-encoding: 01000000000000000000000000000000 -> 02000000000000000000000000000000
========================================================================
Received Prepare
Refreshing native plugins compatible for Editor in 0.90 ms, found 2 plugins.
Preloading 0 native plugins for Editor in 0.00 ms.
Unloading 10 Unused Serialized files (Serialized files now loaded: 0)
System memory in use before: 129.4 MB.
System memory in use after: 129.4 MB.

Unloading 10 unused Assets to reduce memory usage. Loaded Objects now: 2462.
Total: 1.498459 ms (FindLiveObjects: 0.179958 ms CreateObjectMapping: 0.038667 ms MarkObjects: 1.178417 ms  DeleteObjects: 0.100292 ms)

========================================================================
Received Prepare
Registering precompiled user dll's ...
Registered in 0.000475 seconds.
Begin MonoManager ReloadAssembly
Native extension for OSXStandalone target not found
Native extension for WebGL target not found
Refreshing native plugins compatible for Editor in 0.47 ms, found 2 plugins.
Preloading 0 native plugins for Editor in 0.00 ms.
Mono: successfully reloaded assembly
- Completed reload, in  2.285 seconds
Platform modules already initialized, skipping
Switching build target platform(2) subTarget(0) extendedPlatform(0) -> platform(9) subTarget(16777218) extendedPlatform(0)
Refreshing native plugins compatible for Editor in 0.31 ms, found 2 plugins.
Preloading 0 native plugins for Editor in 0.00 ms.
Unloading 1810 Unused Serialized files (Serialized files now loaded: 0)
System memory in use before: 165.0 MB.
System memory in use after: 165.0 MB.

Unloading 12 unused Assets to reduce memory usage. Loaded Objects now: 2466.
Total: 1.533666 ms (FindLiveObjects: 0.187250 ms CreateObjectMapping: 0.038667 ms MarkObjects: 1.207750 ms  DeleteObjects: 0.099125 ms)

AssetImportParameters requested are different than current active one (requested -> active):
  custom:graphics/normal-map-encoding: 01000000000000000000000000000000 -> 02000000000000000000000000000000
========================================================================
Received Prepare
Refreshing native plugins compatible for Editor in 0.76 ms, found 2 plugins.
Preloading 0 native plugins for Editor in 0.00 ms.
Unloading 10 Unused Serialized files (Serialized files now loaded: 0)
System memory in use before: 129.7 MB.
System memory in use after: 129.7 MB.

Unloading 10 unused Assets to reduce memory usage. Loaded Objects now: 2466.
Total: 1.537917 ms (FindLiveObjects: 0.164042 ms CreateObjectMapping: 0.040083 ms MarkObjects: 1.233583 ms  DeleteObjects: 0.099583 ms)

========================================================================
Received Prepare
Registering precompiled user dll's ...
Registered in 0.000547 seconds.
Begin MonoManager ReloadAssembly
Native extension for OSXStandalone target not found
Native extension for WebGL target not found
Refreshing native plugins compatible for Editor in 0.31 ms, found 2 plugins.
Preloading 0 native plugins for Editor in 0.00 ms.
Mono: successfully reloaded assembly
- Completed reload, in  1.999 seconds
Platform modules already initialized, skipping
Switching build target platform(2) subTarget(0) extendedPlatform(0) -> platform(13) subTarget(537395200) extendedPlatform(0)
Refreshing native plugins compatible for Editor in 0.29 ms, found 2 plugins.
Preloading 0 native plugins for Editor in 0.00 ms.
Unloading 1810 Unused Serialized files (Serialized files now loaded: 0)
System memory in use before: 165.2 MB.
System memory in use after: 165.1 MB.

Unloading 12 unused Assets to reduce memory usage. Loaded Objects now: 2470.
Total: 1.736542 ms (FindLiveObjects: 0.225917 ms CreateObjectMapping: 0.043708 ms MarkObjects: 1.361583 ms  DeleteObjects: 0.104583 ms)

AssetImportParameters requested are different than current active one (requested -> active):
  custom:graphics/normal-map-encoding: 01000000000000000000000000000000 -> 02000000000000000000000000000000
========================================================================
Received Prepare
Refreshing native plugins compatible for Editor in 0.80 ms, found 2 plugins.
Preloading 0 native plugins for Editor in 0.00 ms.
Unloading 10 Unused Serialized files (Serialized files now loaded: 0)
System memory in use before: 129.8 MB.
System memory in use after: 129.8 MB.

Unloading 10 unused Assets to reduce memory usage. Loaded Objects now: 2470.
Total: 1.516875 ms (FindLiveObjects: 0.178209 ms CreateObjectMapping: 0.038541 ms MarkObjects: 1.200792 ms  DeleteObjects: 0.098542 ms)

========================================================================
Received Import Request.
  Time since last request: 16635.606752 seconds.
  path: Assets/Prefab/Smino 1.prefab
  artifactKey: Guid(eaabebee4e9a24b049f1e3238105b438) Importer(815301076,1909f56bfc062723c751e8b465ee728b)
Start importing Assets/Prefab/Smino 1.prefab using Guid(eaabebee4e9a24b049f1e3238105b438) Importer(815301076,1909f56bfc062723c751e8b465ee728b)  -> (artifact id: '1b43107d0457cde1e0fa4155a6bcb3e6') in 0.458005 seconds
  Import took 0.533592 seconds .

========================================================================
Received Import Request.
  Time since last request: 2.601475 seconds.
  path: Assets/Prefab/Smino 1.prefab
  artifactKey: Guid(eaabebee4e9a24b049f1e3238105b438) Importer(815301076,1909f56bfc062723c751e8b465ee728b)
Start importing Assets/Prefab/Smino 1.prefab using Guid(eaabebee4e9a24b049f1e3238105b438) Importer(815301076,1909f56bfc062723c751e8b465ee728b)  -> (artifact id: 'b7c993374f12fbb1090537ca19f7c9f8') in 0.013976 seconds
  Import took 0.016783 seconds .

========================================================================
Received Import Request.
  Time since last request: 8.073141 seconds.
  path: Assets/Prefab/Smino 1.prefab
  artifactKey: Guid(eaabebee4e9a24b049f1e3238105b438) Importer(815301076,1909f56bfc062723c751e8b465ee728b)
Start importing Assets/Prefab/Smino 1.prefab using Guid(eaabebee4e9a24b049f1e3238105b438) Importer(815301076,1909f56bfc062723c751e8b465ee728b)  -> (artifact id: '9854d60707e7978088c3865d4b3c5701') in 0.008476 seconds
  Import took 0.011753 seconds .

========================================================================
Received Import Request.
  Time since last request: 5.066394 seconds.
  path: Assets/Prefab/Smino 1.prefab
  artifactKey: Guid(eaabebee4e9a24b049f1e3238105b438) Importer(815301076,1909f56bfc062723c751e8b465ee728b)
Start importing Assets/Prefab/Smino 1.prefab using Guid(eaabebee4e9a24b049f1e3238105b438) Importer(815301076,1909f56bfc062723c751e8b465ee728b)  -> (artifact id: 'da277e966170ace63d03ebc719635839') in 0.010899 seconds
  Import took 0.014048 seconds .

========================================================================
Received Import Request.
  Time since last request: 3.016088 seconds.
  path: Assets/Prefab/Smino 1.prefab
  artifactKey: Guid(eaabebee4e9a24b049f1e3238105b438) Importer(815301076,1909f56bfc062723c751e8b465ee728b)
Start importing Assets/Prefab/Smino 1.prefab using Guid(eaabebee4e9a24b049f1e3238105b438) Importer(815301076,1909f56bfc062723c751e8b465ee728b)  -> (artifact id: '9d386ac4697b4e4e69523af8a545b661') in 0.009209 seconds
  Import took 0.012181 seconds .

========================================================================
Received Import Request.
  Time since last request: 3.236216 seconds.
  path: Assets/Prefab/Smino 1.prefab
  artifactKey: Guid(eaabebee4e9a24b049f1e3238105b438) Importer(815301076,1909f56bfc062723c751e8b465ee728b)
Start importing Assets/Prefab/Smino 1.prefab using Guid(eaabebee4e9a24b049f1e3238105b438) Importer(815301076,1909f56bfc062723c751e8b465ee728b)  -> (artifact id: '1ed8c83fdaaa3d42a908ba88fd3b97e0') in 0.008502 seconds
  Import took 0.011312 seconds .

========================================================================
Received Import Request.
  Time since last request: 3.248959 seconds.
  path: Assets/Prefab/Smino 1.prefab
  artifactKey: Guid(eaabebee4e9a24b049f1e3238105b438) Importer(815301076,1909f56bfc062723c751e8b465ee728b)
Start importing Assets/Prefab/Smino 1.prefab using Guid(eaabebee4e9a24b049f1e3238105b438) Importer(815301076,1909f56bfc062723c751e8b465ee728b)  -> (artifact id: '1cb8255b5520d55ca358c676f9c0f11f') in 0.008333 seconds
  Import took 0.011757 seconds .

========================================================================
Received Import Request.
  Time since last request: 17.127060 seconds.
  path: Assets/Prefab/Tmino 1.prefab
  artifactKey: Guid(dc77d496597d7448b9f65318b266068f) Importer(815301076,1909f56bfc062723c751e8b465ee728b)
Start importing Assets/Prefab/Tmino 1.prefab using Guid(dc77d496597d7448b9f65318b266068f) Importer(815301076,1909f56bfc062723c751e8b465ee728b)  -> (artifact id: 'acf0083a8c030c2b9cea6533638814d0') in 0.009781 seconds
  Import took 0.013098 seconds .

========================================================================
Received Import Request.
  Time since last request: 3.237513 seconds.
  path: Assets/Prefab/Tmino 1.prefab
  artifactKey: Guid(dc77d496597d7448b9f65318b266068f) Importer(815301076,1909f56bfc062723c751e8b465ee728b)
Start importing Assets/Prefab/Tmino 1.prefab using Guid(dc77d496597d7448b9f65318b266068f) Importer(815301076,1909f56bfc062723c751e8b465ee728b)  -> (artifact id: 'cafbc1cd635968e5565ac95cab089f72') in 0.008851 seconds
  Import took 0.012059 seconds .

========================================================================
Received Import Request.
  Time since last request: 23.139809 seconds.
  path: Assets/Prefab/Omino 1.prefab
  artifactKey: Guid(27256fb676f1d4465a69b7b971ef4812) Importer(815301076,1909f56bfc062723c751e8b465ee728b)
Start importing Assets/Prefab/Omino 1.prefab using Guid(27256fb676f1d4465a69b7b971ef4812) Importer(815301076,1909f56bfc062723c751e8b465ee728b)  -> (artifact id: 'fd25c7ce3584243166355d965a8bd1dc') in 0.010222 seconds
  Import took 0.013342 seconds .

========================================================================
Received Import Request.
  Time since last request: 4.224674 seconds.
  path: Assets/Prefab/Omino 1.prefab
  artifactKey: Guid(27256fb676f1d4465a69b7b971ef4812) Importer(815301076,1909f56bfc062723c751e8b465ee728b)
Start importing Assets/Prefab/Omino 1.prefab using Guid(27256fb676f1d4465a69b7b971ef4812) Importer(815301076,1909f56bfc062723c751e8b465ee728b)  -> (artifact id: 'ed2fc2c547ba71b6b48c69c218fa8f88') in 0.011344 seconds
  Import took 0.014585 seconds .

========================================================================
Received Prepare
Registering precompiled user dll's ...
Registered in 0.005619 seconds.
Begin MonoManager ReloadAssembly
Native extension for OSXStandalone target not found
Native extension for WebGL target not found
Refreshing native plugins compatible for Editor in 0.34 ms, found 2 plugins.
Preloading 0 native plugins for Editor in 0.00 ms.
Mono: successfully reloaded assembly
- Completed reload, in  2.212 seconds
Platform modules already initialized, skipping
Switching build target platform(2) subTarget(0) extendedPlatform(0) -> platform(13) subTarget(537395200) extendedPlatform(0)
Refreshing native plugins compatible for Editor in 0.26 ms, found 2 plugins.
Preloading 0 native plugins for Editor in 0.00 ms.
Unloading 1810 Unused Serialized files (Serialized files now loaded: 0)
System memory in use before: 165.6 MB.
System memory in use after: 165.6 MB.

Unloading 12 unused Assets to reduce memory usage. Loaded Objects now: 2475.
Total: 1.774292 ms (FindLiveObjects: 0.143250 ms CreateObjectMapping: 0.036959 ms MarkObjects: 1.495833 ms  DeleteObjects: 0.097250 ms)

AssetImportParameters requested are different than current active one (requested -> active):
  custom:graphics/normal-map-encoding: 01000000000000000000000000000000 -> 02000000000000000000000000000000
========================================================================
Received Prepare
Registering precompiled user dll's ...
Registered in 0.000361 seconds.
Begin MonoManager ReloadAssembly
Native extension for OSXStandalone target not found
Native extension for WebGL target not found
Refreshing native plugins compatible for Editor in 0.32 ms, found 2 plugins.
Preloading 0 native plugins for Editor in 0.00 ms.
Mono: successfully reloaded assembly
- Completed reload, in  2.024 seconds
Platform modules already initialized, skipping
Switching build target platform(2) subTarget(0) extendedPlatform(0) -> platform(9) subTarget(16777218) extendedPlatform(0)
Refreshing native plugins compatible for Editor in 0.30 ms, found 2 plugins.
Preloading 0 native plugins for Editor in 0.00 ms.
Unloading 1810 Unused Serialized files (Serialized files now loaded: 0)
System memory in use before: 165.8 MB.
System memory in use after: 165.8 MB.

Unloading 12 unused Assets to reduce memory usage. Loaded Objects now: 2479.
Total: 1.456583 ms (FindLiveObjects: 0.137542 ms CreateObjectMapping: 0.037666 ms MarkObjects: 1.177792 ms  DeleteObjects: 0.102833 ms)

AssetImportParameters requested are different than current active one (requested -> active):
  custom:graphics/normal-map-encoding: 01000000000000000000000000000000 -> 02000000000000000000000000000000
========================================================================
Received Prepare
Refreshing native plugins compatible for Editor in 0.84 ms, found 2 plugins.
Preloading 0 native plugins for Editor in 0.00 ms.
Unloading 10 Unused Serialized files (Serialized files now loaded: 0)
System memory in use before: 130.5 MB.
System memory in use after: 130.5 MB.

Unloading 10 unused Assets to reduce memory usage. Loaded Objects now: 2479.
Total: 1.428666 ms (FindLiveObjects: 0.151417 ms CreateObjectMapping: 0.035958 ms MarkObjects: 1.141709 ms  DeleteObjects: 0.098750 ms)

========================================================================
Received Prepare
Registering precompiled user dll's ...
Registered in 0.002425 seconds.
Begin MonoManager ReloadAssembly
Native extension for OSXStandalone target not found
Native extension for WebGL target not found
Refreshing native plugins compatible for Editor in 0.41 ms, found 3 plugins.
Preloading 0 native plugins for Editor in 0.00 ms.
Mono: successfully reloaded assembly
- Completed reload, in  2.271 seconds
Platform modules already initialized, skipping
Switching build target platform(2) subTarget(0) extendedPlatform(0) -> platform(9) subTarget(16777218) extendedPlatform(0)
Refreshing native plugins compatible for Editor in 0.40 ms, found 3 plugins.
Preloading 0 native plugins for Editor in 0.00 ms.
Unloading 1829 Unused Serialized files (Serialized files now loaded: 0)
System memory in use before: 166.7 MB.
System memory in use after: 166.7 MB.

Unloading 29 unused Assets to reduce memory usage. Loaded Objects now: 2527.
Total: 1.641417 ms (FindLiveObjects: 0.230333 ms CreateObjectMapping: 0.037416 ms MarkObjects: 1.263000 ms  DeleteObjects: 0.109833 ms)

AssetImportParameters requested are different than current active one (requested -> active):
  custom:graphics/normal-map-encoding: 01000000000000000000000000000000 -> 02000000000000000000000000000000
========================================================================
Received Prepare
Registering precompiled user dll's ...
Registered in 0.003214 seconds.
Begin MonoManager ReloadAssembly
Native extension for OSXStandalone target not found
Native extension for WebGL target not found
Refreshing native plugins compatible for Editor in 0.43 ms, found 3 plugins.
Preloading 0 native plugins for Editor in 0.00 ms.
Mono: successfully reloaded assembly
- Completed reload, in  2.336 seconds
Platform modules already initialized, skipping
Switching build target platform(2) subTarget(0) extendedPlatform(0) -> platform(9) subTarget(16777218) extendedPlatform(0)
Refreshing native plugins compatible for Editor in 0.43 ms, found 3 plugins.
Preloading 0 native plugins for Editor in 0.00 ms.
Unloading 1829 Unused Serialized files (Serialized files now loaded: 0)
System memory in use before: 170.5 MB.
System memory in use after: 170.4 MB.

Unloading 29 unused Assets to reduce memory usage. Loaded Objects now: 2531.
Total: 2.679292 ms (FindLiveObjects: 0.271584 ms CreateObjectMapping: 0.040875 ms MarkObjects: 2.248584 ms  DeleteObjects: 0.117333 ms)

AssetImportParameters requested are different than current active one (requested -> active):
  custom:graphics/normal-map-encoding: 01000000000000000000000000000000 -> 02000000000000000000000000000000
